<?xml version="1.0" encoding="UTF-8"?>
<testsuite xmlns:xsi="http://www.w3.org/2001/XMLSchema-instance" xsi:noNamespaceSchemaLocation="https://maven.apache.org/surefire/maven-surefire-plugin/xsd/surefire-test-report-3.0.xsd" version="3.0" name="com.example.springsecurityldap.SpringSecurityLdapApplicationTests" time="3.009" tests="1" errors="0" skipped="0" failures="0">
  <properties>
    <property name="java.specification.version" value="17"/>
    <property name="sun.jnu.encoding" value="UTF-8"/>
    <property name="java.class.path" value="/home/mickael/Redis-session-persistence/webapp01-logout-remote-WITH-REDIS/target/test-classes:/home/mickael/Redis-session-persistence/webapp01-logout-remote-WITH-REDIS/target/classes:/home/mickael/.m2/repository/org/springframework/boot/spring-boot-starter-data-redis/3.2.0/spring-boot-starter-data-redis-3.2.0.jar:/home/mickael/.m2/repository/org/springframework/boot/spring-boot-starter/3.2.0/spring-boot-starter-3.2.0.jar:/home/mickael/.m2/repository/org/springframework/boot/spring-boot/3.2.0/spring-boot-3.2.0.jar:/home/mickael/.m2/repository/org/springframework/boot/spring-boot-autoconfigure/3.2.0/spring-boot-autoconfigure-3.2.0.jar:/home/mickael/.m2/repository/org/springframework/boot/spring-boot-starter-logging/3.2.0/spring-boot-starter-logging-3.2.0.jar:/home/mickael/.m2/repository/ch/qos/logback/logback-classic/1.4.11/logback-classic-1.4.11.jar:/home/mickael/.m2/repository/ch/qos/logback/logback-core/1.4.11/logback-core-1.4.11.jar:/home/mickael/.m2/repository/org/apache/logging/log4j/log4j-to-slf4j/2.21.1/log4j-to-slf4j-2.21.1.jar:/home/mickael/.m2/repository/org/apache/logging/log4j/log4j-api/2.21.1/log4j-api-2.21.1.jar:/home/mickael/.m2/repository/org/slf4j/jul-to-slf4j/2.0.9/jul-to-slf4j-2.0.9.jar:/home/mickael/.m2/repository/jakarta/annotation/jakarta.annotation-api/2.1.1/jakarta.annotation-api-2.1.1.jar:/home/mickael/.m2/repository/org/yaml/snakeyaml/2.2/snakeyaml-2.2.jar:/home/mickael/.m2/repository/io/lettuce/lettuce-core/6.3.0.RELEASE/lettuce-core-6.3.0.RELEASE.jar:/home/mickael/.m2/repository/io/netty/netty-common/4.1.101.Final/netty-common-4.1.101.Final.jar:/home/mickael/.m2/repository/io/netty/netty-handler/4.1.101.Final/netty-handler-4.1.101.Final.jar:/home/mickael/.m2/repository/io/netty/netty-resolver/4.1.101.Final/netty-resolver-4.1.101.Final.jar:/home/mickael/.m2/repository/io/netty/netty-buffer/4.1.101.Final/netty-buffer-4.1.101.Final.jar:/home/mickael/.m2/repository/io/netty/netty-transport-native-unix-common/4.1.101.Final/netty-transport-native-unix-common-4.1.101.Final.jar:/home/mickael/.m2/repository/io/netty/netty-codec/4.1.101.Final/netty-codec-4.1.101.Final.jar:/home/mickael/.m2/repository/io/netty/netty-transport/4.1.101.Final/netty-transport-4.1.101.Final.jar:/home/mickael/.m2/repository/io/projectreactor/reactor-core/3.6.0/reactor-core-3.6.0.jar:/home/mickael/.m2/repository/org/reactivestreams/reactive-streams/1.0.4/reactive-streams-1.0.4.jar:/home/mickael/.m2/repository/org/springframework/data/spring-data-redis/3.2.0/spring-data-redis-3.2.0.jar:/home/mickael/.m2/repository/org/springframework/data/spring-data-keyvalue/3.2.0/spring-data-keyvalue-3.2.0.jar:/home/mickael/.m2/repository/org/springframework/data/spring-data-commons/3.2.0/spring-data-commons-3.2.0.jar:/home/mickael/.m2/repository/org/springframework/spring-oxm/6.1.1/spring-oxm-6.1.1.jar:/home/mickael/.m2/repository/org/springframework/spring-context-support/6.1.1/spring-context-support-6.1.1.jar:/home/mickael/.m2/repository/org/springframework/session/spring-session-data-redis/3.2.0/spring-session-data-redis-3.2.0.jar:/home/mickael/.m2/repository/org/springframework/session/spring-session-core/3.2.0/spring-session-core-3.2.0.jar:/home/mickael/.m2/repository/org/springframework/spring-jcl/6.1.1/spring-jcl-6.1.1.jar:/home/mickael/.m2/repository/org/springframework/boot/spring-boot-starter-security/3.2.0/spring-boot-starter-security-3.2.0.jar:/home/mickael/.m2/repository/org/springframework/spring-aop/6.1.1/spring-aop-6.1.1.jar:/home/mickael/.m2/repository/org/springframework/security/spring-security-config/6.2.0/spring-security-config-6.2.0.jar:/home/mickael/.m2/repository/org/springframework/security/spring-security-web/6.2.0/spring-security-web-6.2.0.jar:/home/mickael/.m2/repository/org/springframework/spring-expression/6.1.1/spring-expression-6.1.1.jar:/home/mickael/.m2/repository/org/springframework/boot/spring-boot-starter-web/3.2.0/spring-boot-starter-web-3.2.0.jar:/home/mickael/.m2/repository/org/springframework/boot/spring-boot-starter-json/3.2.0/spring-boot-starter-json-3.2.0.jar:/home/mickael/.m2/repository/com/fasterxml/jackson/core/jackson-databind/2.15.3/jackson-databind-2.15.3.jar:/home/mickael/.m2/repository/com/fasterxml/jackson/core/jackson-annotations/2.15.3/jackson-annotations-2.15.3.jar:/home/mickael/.m2/repository/com/fasterxml/jackson/core/jackson-core/2.15.3/jackson-core-2.15.3.jar:/home/mickael/.m2/repository/com/fasterxml/jackson/datatype/jackson-datatype-jdk8/2.15.3/jackson-datatype-jdk8-2.15.3.jar:/home/mickael/.m2/repository/com/fasterxml/jackson/datatype/jackson-datatype-jsr310/2.15.3/jackson-datatype-jsr310-2.15.3.jar:/home/mickael/.m2/repository/com/fasterxml/jackson/module/jackson-module-parameter-names/2.15.3/jackson-module-parameter-names-2.15.3.jar:/home/mickael/.m2/repository/org/springframework/boot/spring-boot-starter-tomcat/3.2.0/spring-boot-starter-tomcat-3.2.0.jar:/home/mickael/.m2/repository/org/apache/tomcat/embed/tomcat-embed-core/10.1.16/tomcat-embed-core-10.1.16.jar:/home/mickael/.m2/repository/org/apache/tomcat/embed/tomcat-embed-el/10.1.16/tomcat-embed-el-10.1.16.jar:/home/mickael/.m2/repository/org/apache/tomcat/embed/tomcat-embed-websocket/10.1.16/tomcat-embed-websocket-10.1.16.jar:/home/mickael/.m2/repository/org/springframework/spring-web/6.1.1/spring-web-6.1.1.jar:/home/mickael/.m2/repository/io/micrometer/micrometer-observation/1.12.0/micrometer-observation-1.12.0.jar:/home/mickael/.m2/repository/io/micrometer/micrometer-commons/1.12.0/micrometer-commons-1.12.0.jar:/home/mickael/.m2/repository/org/springframework/spring-webmvc/6.1.1/spring-webmvc-6.1.1.jar:/home/mickael/.m2/repository/org/springframework/ldap/spring-ldap-core/3.2.0/spring-ldap-core-3.2.0.jar:/home/mickael/.m2/repository/org/springframework/spring-core/6.1.1/spring-core-6.1.1.jar:/home/mickael/.m2/repository/org/springframework/spring-beans/6.1.1/spring-beans-6.1.1.jar:/home/mickael/.m2/repository/org/springframework/spring-tx/6.1.1/spring-tx-6.1.1.jar:/home/mickael/.m2/repository/org/slf4j/slf4j-api/2.0.9/slf4j-api-2.0.9.jar:/home/mickael/.m2/repository/com/unboundid/unboundid-ldapsdk/6.0.10/unboundid-ldapsdk-6.0.10.jar:/home/mickael/.m2/repository/org/springframework/security/spring-security-ldap/6.2.0/spring-security-ldap-6.2.0.jar:/home/mickael/.m2/repository/org/springframework/security/spring-security-core/6.2.0/spring-security-core-6.2.0.jar:/home/mickael/.m2/repository/org/springframework/security/spring-security-crypto/6.2.0/spring-security-crypto-6.2.0.jar:/home/mickael/.m2/repository/org/springframework/spring-context/6.1.1/spring-context-6.1.1.jar:/home/mickael/.m2/repository/org/springframework/boot/spring-boot-starter-test/3.2.0/spring-boot-starter-test-3.2.0.jar:/home/mickael/.m2/repository/org/springframework/boot/spring-boot-test/3.2.0/spring-boot-test-3.2.0.jar:/home/mickael/.m2/repository/org/springframework/boot/spring-boot-test-autoconfigure/3.2.0/spring-boot-test-autoconfigure-3.2.0.jar:/home/mickael/.m2/repository/com/jayway/jsonpath/json-path/2.8.0/json-path-2.8.0.jar:/home/mickael/.m2/repository/jakarta/xml/bind/jakarta.xml.bind-api/4.0.1/jakarta.xml.bind-api-4.0.1.jar:/home/mickael/.m2/repository/jakarta/activation/jakarta.activation-api/2.1.2/jakarta.activation-api-2.1.2.jar:/home/mickael/.m2/repository/net/minidev/json-smart/2.5.0/json-smart-2.5.0.jar:/home/mickael/.m2/repository/net/minidev/accessors-smart/2.5.0/accessors-smart-2.5.0.jar:/home/mickael/.m2/repository/org/ow2/asm/asm/9.3/asm-9.3.jar:/home/mickael/.m2/repository/org/assertj/assertj-core/3.24.2/assertj-core-3.24.2.jar:/home/mickael/.m2/repository/net/bytebuddy/byte-buddy/1.14.10/byte-buddy-1.14.10.jar:/home/mickael/.m2/repository/org/awaitility/awaitility/4.2.0/awaitility-4.2.0.jar:/home/mickael/.m2/repository/org/hamcrest/hamcrest/2.2/hamcrest-2.2.jar:/home/mickael/.m2/repository/org/junit/jupiter/junit-jupiter/5.10.1/junit-jupiter-5.10.1.jar:/home/mickael/.m2/repository/org/junit/jupiter/junit-jupiter-api/5.10.1/junit-jupiter-api-5.10.1.jar:/home/mickael/.m2/repository/org/opentest4j/opentest4j/1.3.0/opentest4j-1.3.0.jar:/home/mickael/.m2/repository/org/junit/platform/junit-platform-commons/1.10.1/junit-platform-commons-1.10.1.jar:/home/mickael/.m2/repository/org/apiguardian/apiguardian-api/1.1.2/apiguardian-api-1.1.2.jar:/home/mickael/.m2/repository/org/junit/jupiter/junit-jupiter-params/5.10.1/junit-jupiter-params-5.10.1.jar:/home/mickael/.m2/repository/org/junit/jupiter/junit-jupiter-engine/5.10.1/junit-jupiter-engine-5.10.1.jar:/home/mickael/.m2/repository/org/junit/platform/junit-platform-engine/1.10.1/junit-platform-engine-1.10.1.jar:/home/mickael/.m2/repository/org/mockito/mockito-core/5.7.0/mockito-core-5.7.0.jar:/home/mickael/.m2/repository/net/bytebuddy/byte-buddy-agent/1.14.10/byte-buddy-agent-1.14.10.jar:/home/mickael/.m2/repository/org/objenesis/objenesis/3.3/objenesis-3.3.jar:/home/mickael/.m2/repository/org/mockito/mockito-junit-jupiter/5.7.0/mockito-junit-jupiter-5.7.0.jar:/home/mickael/.m2/repository/org/skyscreamer/jsonassert/1.5.1/jsonassert-1.5.1.jar:/home/mickael/.m2/repository/com/vaadin/external/google/android-json/0.0.20131108.vaadin1/android-json-0.0.20131108.vaadin1.jar:/home/mickael/.m2/repository/org/springframework/spring-test/6.1.1/spring-test-6.1.1.jar:/home/mickael/.m2/repository/org/xmlunit/xmlunit-core/2.9.1/xmlunit-core-2.9.1.jar:/home/mickael/.m2/repository/org/springframework/security/spring-security-test/6.2.0/spring-security-test-6.2.0.jar:"/>
    <property name="java.vm.vendor" value="Private Build"/>
    <property name="sun.arch.data.model" value="64"/>
    <property name="java.vendor.url" value="Unknown"/>
    <property name="user.timezone" value="Europe/London"/>
    <property name="os.name" value="Linux"/>
    <property name="java.vm.specification.version" value="17"/>
    <property name="sun.java.launcher" value="SUN_STANDARD"/>
    <property name="sun.boot.library.path" value="/usr/lib/jvm/java-17-openjdk-amd64/lib"/>
    <property name="sun.java.command" value="/home/mickael/Redis-session-persistence/webapp01-logout-remote-WITH-REDIS/target/surefire/surefirebooter-20240514155745155_3.jar /home/mickael/Redis-session-persistence/webapp01-logout-remote-WITH-REDIS/target/surefire 2024-05-14T15-57-45_076-jvmRun1 surefire-20240514155745155_1tmp surefire_0-20240514155745155_2tmp"/>
    <property name="jdk.debug" value="release"/>
    <property name="surefire.test.class.path" value="/home/mickael/Redis-session-persistence/webapp01-logout-remote-WITH-REDIS/target/test-classes:/home/mickael/Redis-session-persistence/webapp01-logout-remote-WITH-REDIS/target/classes:/home/mickael/.m2/repository/org/springframework/boot/spring-boot-starter-data-redis/3.2.0/spring-boot-starter-data-redis-3.2.0.jar:/home/mickael/.m2/repository/org/springframework/boot/spring-boot-starter/3.2.0/spring-boot-starter-3.2.0.jar:/home/mickael/.m2/repository/org/springframework/boot/spring-boot/3.2.0/spring-boot-3.2.0.jar:/home/mickael/.m2/repository/org/springframework/boot/spring-boot-autoconfigure/3.2.0/spring-boot-autoconfigure-3.2.0.jar:/home/mickael/.m2/repository/org/springframework/boot/spring-boot-starter-logging/3.2.0/spring-boot-starter-logging-3.2.0.jar:/home/mickael/.m2/repository/ch/qos/logback/logback-classic/1.4.11/logback-classic-1.4.11.jar:/home/mickael/.m2/repository/ch/qos/logback/logback-core/1.4.11/logback-core-1.4.11.jar:/home/mickael/.m2/repository/org/apache/logging/log4j/log4j-to-slf4j/2.21.1/log4j-to-slf4j-2.21.1.jar:/home/mickael/.m2/repository/org/apache/logging/log4j/log4j-api/2.21.1/log4j-api-2.21.1.jar:/home/mickael/.m2/repository/org/slf4j/jul-to-slf4j/2.0.9/jul-to-slf4j-2.0.9.jar:/home/mickael/.m2/repository/jakarta/annotation/jakarta.annotation-api/2.1.1/jakarta.annotation-api-2.1.1.jar:/home/mickael/.m2/repository/org/yaml/snakeyaml/2.2/snakeyaml-2.2.jar:/home/mickael/.m2/repository/io/lettuce/lettuce-core/6.3.0.RELEASE/lettuce-core-6.3.0.RELEASE.jar:/home/mickael/.m2/repository/io/netty/netty-common/4.1.101.Final/netty-common-4.1.101.Final.jar:/home/mickael/.m2/repository/io/netty/netty-handler/4.1.101.Final/netty-handler-4.1.101.Final.jar:/home/mickael/.m2/repository/io/netty/netty-resolver/4.1.101.Final/netty-resolver-4.1.101.Final.jar:/home/mickael/.m2/repository/io/netty/netty-buffer/4.1.101.Final/netty-buffer-4.1.101.Final.jar:/home/mickael/.m2/repository/io/netty/netty-transport-native-unix-common/4.1.101.Final/netty-transport-native-unix-common-4.1.101.Final.jar:/home/mickael/.m2/repository/io/netty/netty-codec/4.1.101.Final/netty-codec-4.1.101.Final.jar:/home/mickael/.m2/repository/io/netty/netty-transport/4.1.101.Final/netty-transport-4.1.101.Final.jar:/home/mickael/.m2/repository/io/projectreactor/reactor-core/3.6.0/reactor-core-3.6.0.jar:/home/mickael/.m2/repository/org/reactivestreams/reactive-streams/1.0.4/reactive-streams-1.0.4.jar:/home/mickael/.m2/repository/org/springframework/data/spring-data-redis/3.2.0/spring-data-redis-3.2.0.jar:/home/mickael/.m2/repository/org/springframework/data/spring-data-keyvalue/3.2.0/spring-data-keyvalue-3.2.0.jar:/home/mickael/.m2/repository/org/springframework/data/spring-data-commons/3.2.0/spring-data-commons-3.2.0.jar:/home/mickael/.m2/repository/org/springframework/spring-oxm/6.1.1/spring-oxm-6.1.1.jar:/home/mickael/.m2/repository/org/springframework/spring-context-support/6.1.1/spring-context-support-6.1.1.jar:/home/mickael/.m2/repository/org/springframework/session/spring-session-data-redis/3.2.0/spring-session-data-redis-3.2.0.jar:/home/mickael/.m2/repository/org/springframework/session/spring-session-core/3.2.0/spring-session-core-3.2.0.jar:/home/mickael/.m2/repository/org/springframework/spring-jcl/6.1.1/spring-jcl-6.1.1.jar:/home/mickael/.m2/repository/org/springframework/boot/spring-boot-starter-security/3.2.0/spring-boot-starter-security-3.2.0.jar:/home/mickael/.m2/repository/org/springframework/spring-aop/6.1.1/spring-aop-6.1.1.jar:/home/mickael/.m2/repository/org/springframework/security/spring-security-config/6.2.0/spring-security-config-6.2.0.jar:/home/mickael/.m2/repository/org/springframework/security/spring-security-web/6.2.0/spring-security-web-6.2.0.jar:/home/mickael/.m2/repository/org/springframework/spring-expression/6.1.1/spring-expression-6.1.1.jar:/home/mickael/.m2/repository/org/springframework/boot/spring-boot-starter-web/3.2.0/spring-boot-starter-web-3.2.0.jar:/home/mickael/.m2/repository/org/springframework/boot/spring-boot-starter-json/3.2.0/spring-boot-starter-json-3.2.0.jar:/home/mickael/.m2/repository/com/fasterxml/jackson/core/jackson-databind/2.15.3/jackson-databind-2.15.3.jar:/home/mickael/.m2/repository/com/fasterxml/jackson/core/jackson-annotations/2.15.3/jackson-annotations-2.15.3.jar:/home/mickael/.m2/repository/com/fasterxml/jackson/core/jackson-core/2.15.3/jackson-core-2.15.3.jar:/home/mickael/.m2/repository/com/fasterxml/jackson/datatype/jackson-datatype-jdk8/2.15.3/jackson-datatype-jdk8-2.15.3.jar:/home/mickael/.m2/repository/com/fasterxml/jackson/datatype/jackson-datatype-jsr310/2.15.3/jackson-datatype-jsr310-2.15.3.jar:/home/mickael/.m2/repository/com/fasterxml/jackson/module/jackson-module-parameter-names/2.15.3/jackson-module-parameter-names-2.15.3.jar:/home/mickael/.m2/repository/org/springframework/boot/spring-boot-starter-tomcat/3.2.0/spring-boot-starter-tomcat-3.2.0.jar:/home/mickael/.m2/repository/org/apache/tomcat/embed/tomcat-embed-core/10.1.16/tomcat-embed-core-10.1.16.jar:/home/mickael/.m2/repository/org/apache/tomcat/embed/tomcat-embed-el/10.1.16/tomcat-embed-el-10.1.16.jar:/home/mickael/.m2/repository/org/apache/tomcat/embed/tomcat-embed-websocket/10.1.16/tomcat-embed-websocket-10.1.16.jar:/home/mickael/.m2/repository/org/springframework/spring-web/6.1.1/spring-web-6.1.1.jar:/home/mickael/.m2/repository/io/micrometer/micrometer-observation/1.12.0/micrometer-observation-1.12.0.jar:/home/mickael/.m2/repository/io/micrometer/micrometer-commons/1.12.0/micrometer-commons-1.12.0.jar:/home/mickael/.m2/repository/org/springframework/spring-webmvc/6.1.1/spring-webmvc-6.1.1.jar:/home/mickael/.m2/repository/org/springframework/ldap/spring-ldap-core/3.2.0/spring-ldap-core-3.2.0.jar:/home/mickael/.m2/repository/org/springframework/spring-core/6.1.1/spring-core-6.1.1.jar:/home/mickael/.m2/repository/org/springframework/spring-beans/6.1.1/spring-beans-6.1.1.jar:/home/mickael/.m2/repository/org/springframework/spring-tx/6.1.1/spring-tx-6.1.1.jar:/home/mickael/.m2/repository/org/slf4j/slf4j-api/2.0.9/slf4j-api-2.0.9.jar:/home/mickael/.m2/repository/com/unboundid/unboundid-ldapsdk/6.0.10/unboundid-ldapsdk-6.0.10.jar:/home/mickael/.m2/repository/org/springframework/security/spring-security-ldap/6.2.0/spring-security-ldap-6.2.0.jar:/home/mickael/.m2/repository/org/springframework/security/spring-security-core/6.2.0/spring-security-core-6.2.0.jar:/home/mickael/.m2/repository/org/springframework/security/spring-security-crypto/6.2.0/spring-security-crypto-6.2.0.jar:/home/mickael/.m2/repository/org/springframework/spring-context/6.1.1/spring-context-6.1.1.jar:/home/mickael/.m2/repository/org/springframework/boot/spring-boot-starter-test/3.2.0/spring-boot-starter-test-3.2.0.jar:/home/mickael/.m2/repository/org/springframework/boot/spring-boot-test/3.2.0/spring-boot-test-3.2.0.jar:/home/mickael/.m2/repository/org/springframework/boot/spring-boot-test-autoconfigure/3.2.0/spring-boot-test-autoconfigure-3.2.0.jar:/home/mickael/.m2/repository/com/jayway/jsonpath/json-path/2.8.0/json-path-2.8.0.jar:/home/mickael/.m2/repository/jakarta/xml/bind/jakarta.xml.bind-api/4.0.1/jakarta.xml.bind-api-4.0.1.jar:/home/mickael/.m2/repository/jakarta/activation/jakarta.activation-api/2.1.2/jakarta.activation-api-2.1.2.jar:/home/mickael/.m2/repository/net/minidev/json-smart/2.5.0/json-smart-2.5.0.jar:/home/mickael/.m2/repository/net/minidev/accessors-smart/2.5.0/accessors-smart-2.5.0.jar:/home/mickael/.m2/repository/org/ow2/asm/asm/9.3/asm-9.3.jar:/home/mickael/.m2/repository/org/assertj/assertj-core/3.24.2/assertj-core-3.24.2.jar:/home/mickael/.m2/repository/net/bytebuddy/byte-buddy/1.14.10/byte-buddy-1.14.10.jar:/home/mickael/.m2/repository/org/awaitility/awaitility/4.2.0/awaitility-4.2.0.jar:/home/mickael/.m2/repository/org/hamcrest/hamcrest/2.2/hamcrest-2.2.jar:/home/mickael/.m2/repository/org/junit/jupiter/junit-jupiter/5.10.1/junit-jupiter-5.10.1.jar:/home/mickael/.m2/repository/org/junit/jupiter/junit-jupiter-api/5.10.1/junit-jupiter-api-5.10.1.jar:/home/mickael/.m2/repository/org/opentest4j/opentest4j/1.3.0/opentest4j-1.3.0.jar:/home/mickael/.m2/repository/org/junit/platform/junit-platform-commons/1.10.1/junit-platform-commons-1.10.1.jar:/home/mickael/.m2/repository/org/apiguardian/apiguardian-api/1.1.2/apiguardian-api-1.1.2.jar:/home/mickael/.m2/repository/org/junit/jupiter/junit-jupiter-params/5.10.1/junit-jupiter-params-5.10.1.jar:/home/mickael/.m2/repository/org/junit/jupiter/junit-jupiter-engine/5.10.1/junit-jupiter-engine-5.10.1.jar:/home/mickael/.m2/repository/org/junit/platform/junit-platform-engine/1.10.1/junit-platform-engine-1.10.1.jar:/home/mickael/.m2/repository/org/mockito/mockito-core/5.7.0/mockito-core-5.7.0.jar:/home/mickael/.m2/repository/net/bytebuddy/byte-buddy-agent/1.14.10/byte-buddy-agent-1.14.10.jar:/home/mickael/.m2/repository/org/objenesis/objenesis/3.3/objenesis-3.3.jar:/home/mickael/.m2/repository/org/mockito/mockito-junit-jupiter/5.7.0/mockito-junit-jupiter-5.7.0.jar:/home/mickael/.m2/repository/org/skyscreamer/jsonassert/1.5.1/jsonassert-1.5.1.jar:/home/mickael/.m2/repository/com/vaadin/external/google/android-json/0.0.20131108.vaadin1/android-json-0.0.20131108.vaadin1.jar:/home/mickael/.m2/repository/org/springframework/spring-test/6.1.1/spring-test-6.1.1.jar:/home/mickael/.m2/repository/org/xmlunit/xmlunit-core/2.9.1/xmlunit-core-2.9.1.jar:/home/mickael/.m2/repository/org/springframework/security/spring-security-test/6.2.0/spring-security-test-6.2.0.jar:"/>
    <property name="sun.cpu.endian" value="little"/>
    <property name="user.home" value="/home/mickael"/>
    <property name="user.language" value="en"/>
    <property name="java.specification.vendor" value="Oracle Corporation"/>
    <property name="java.version.date" value="2024-01-16"/>
    <property name="java.home" value="/usr/lib/jvm/java-17-openjdk-amd64"/>
    <property name="file.separator" value="/"/>
    <property name="basedir" value="/home/mickael/Redis-session-persistence/webapp01-logout-remote-WITH-REDIS"/>
    <property name="java.vm.compressedOopsMode" value="32-bit"/>
    <property name="line.separator" value="&#10;"/>
    <property name="java.specification.name" value="Java Platform API Specification"/>
    <property name="java.vm.specification.vendor" value="Oracle Corporation"/>
    <property name="FILE_LOG_CHARSET" value="UTF-8"/>
    <property name="java.awt.headless" value="true"/>
    <property name="surefire.real.class.path" value="/home/mickael/Redis-session-persistence/webapp01-logout-remote-WITH-REDIS/target/surefire/surefirebooter-20240514155745155_3.jar"/>
    <property name="sun.management.compiler" value="HotSpot 64-Bit Tiered Compilers"/>
    <property name="java.runtime.version" value="17.0.10+7-Ubuntu-122.04.1"/>
    <property name="user.name" value="mickael"/>
    <property name="path.separator" value=":"/>
    <property name="os.version" value="5.15.146.1-microsoft-standard-WSL2"/>
    <property name="java.runtime.name" value="OpenJDK Runtime Environment"/>
    <property name="file.encoding" value="UTF-8"/>
    <property name="java.vm.name" value="OpenJDK 64-Bit Server VM"/>
    <property name="localRepository" value="/home/mickael/.m2/repository"/>
    <property name="java.vendor.url.bug" value="Unknown"/>
    <property name="java.io.tmpdir" value="/tmp"/>
    <property name="java.version" value="17.0.10"/>
    <property name="user.dir" value="/home/mickael/Redis-session-persistence/webapp01-logout-remote-WITH-REDIS"/>
    <property name="os.arch" value="amd64"/>
    <property name="java.vm.specification.name" value="Java Virtual Machine Specification"/>
    <property name="PID" value="416486"/>
    <property name="CONSOLE_LOG_CHARSET" value="UTF-8"/>
    <property name="native.encoding" value="UTF-8"/>
    <property name="java.library.path" value="/usr/java/packages/lib:/usr/lib/x86_64-linux-gnu/jni:/lib/x86_64-linux-gnu:/usr/lib/x86_64-linux-gnu:/usr/lib/jni:/lib:/usr/lib"/>
    <property name="java.vm.info" value="mixed mode, sharing"/>
    <property name="java.vendor" value="Private Build"/>
    <property name="java.vm.version" value="17.0.10+7-Ubuntu-122.04.1"/>
    <property name="sun.io.unicode.encoding" value="UnicodeLittle"/>
    <property name="java.class.version" value="61.0"/>
  </properties>
  <testcase name="contextLoads" classname="com.example.springsecurityldap.SpringSecurityLdapApplicationTests" time="0.615">
    <system-out><![CDATA[15:57:45.754 [main] INFO org.springframework.test.context.support.AnnotationConfigContextLoaderUtils -- Could not detect default configuration classes for test class [com.example.springsecurityldap.SpringSecurityLdapApplicationTests]: SpringSecurityLdapApplicationTests does not declare any static, non-private, non-final, nested classes annotated with @Configuration.
15:57:45.861 [main] INFO org.springframework.boot.test.context.SpringBootTestContextBootstrapper -- Found @SpringBootConfiguration com.example.springsecurityldap.SpringSecurityLdapApplication for test class com.example.springsecurityldap.SpringSecurityLdapApplicationTests

  .   ____          _            __ _ _
 /\\ / ___'_ __ _ _(_)_ __  __ _ \ \ \ \
( ( )\___ | '_ | '_| | '_ \/ _` | \ \ \ \
 \\/  ___)| |_)| | | | | || (_| |  ) ) ) )
  '  |____| .__|_| |_|_| |_\__, | / / / /
 =========|_|==============|___/=/_/_/_/
 :: Spring Boot ::                (v3.2.0)

2024-05-14T15:57:46.219+01:00  INFO 416486 --- [           main] c.e.s.SpringSecurityLdapApplicationTests : Starting SpringSecurityLdapApplicationTests using Java 17.0.10 with PID 416486 (started by mickael in /home/mickael/Redis-session-persistence/webapp01-logout-remote-WITH-REDIS)
2024-05-14T15:57:46.221+01:00  INFO 416486 --- [           main] c.e.s.SpringSecurityLdapApplicationTests : No active profile set, falling back to 1 default profile: "default"
2024-05-14T15:57:46.717+01:00  INFO 416486 --- [           main] .s.d.r.c.RepositoryConfigurationDelegate : Multiple Spring Data modules found, entering strict repository configuration mode
2024-05-14T15:57:46.719+01:00  INFO 416486 --- [           main] .s.d.r.c.RepositoryConfigurationDelegate : Bootstrapping Spring Data Redis repositories in DEFAULT mode.
2024-05-14T15:57:46.741+01:00  INFO 416486 --- [           main] .s.d.r.c.RepositoryConfigurationDelegate : Finished Spring Data repository scanning in 10 ms. Found 0 Redis repository interfaces.
2024-05-14T15:57:47.052+01:00  INFO 416486 --- [           main] s.s.l.DefaultSpringSecurityContextSource : Configure with URL ldap://localhost:8389/dc=springframework,dc=org and root DN dc=springframework,dc=org
2024-05-14T15:57:47.054+01:00  INFO 416486 --- [           main] o.s.l.c.support.AbstractContextSource    : Property 'userDn' not set - anonymous context will be used for read-write operations
2024-05-14T15:57:47.269+01:00  INFO 416486 --- [           main] o.s.s.web.DefaultSecurityFilterChain     : Will secure any request with [org.springframework.security.web.session.DisableEncodeUrlFilter@6c17c0f8, org.springframework.security.web.context.request.async.WebAsyncManagerIntegrationFilter@260e3837, org.springframework.security.web.context.SecurityContextHolderFilter@500051c5, org.springframework.security.web.header.HeaderWriterFilter@4aa2877c, org.springframework.web.filter.CorsFilter@88b76f2, org.springframework.security.web.csrf.CsrfFilter@8a6631b, org.springframework.security.web.authentication.logout.LogoutFilter@2a2dc0a, org.springframework.security.web.authentication.UsernamePasswordAuthenticationFilter@6da4feeb, org.springframework.security.web.authentication.ui.DefaultLoginPageGeneratingFilter@61615b4a, org.springframework.security.web.authentication.ui.DefaultLogoutPageGeneratingFilter@1b4872bc, org.springframework.security.web.savedrequest.RequestCacheAwareFilter@4c19d42e, org.springframework.security.web.servletapi.SecurityContextHolderAwareRequestFilter@373e6b9d, org.springframework.security.web.authentication.AnonymousAuthenticationFilter@498a612d, org.springframework.security.web.access.ExceptionTranslationFilter@6ddee60f, org.springframework.security.web.access.intercept.AuthorizationFilter@7a083b96]
2024-05-14T15:57:47.912+01:00  INFO 416486 --- [           main] o.s.l.c.support.AbstractContextSource    : Property 'userDn' not set - anonymous context will be used for read-write operations
2024-05-14T15:57:47.947+01:00  WARN 416486 --- [           main] .s.s.UserDetailsServiceAutoConfiguration : 

Using generated security password: b471f627-24da-43c4-b0e7-91a84738614e

This generated password is for development use only. Your security configuration must be updated before running your application in production.

2024-05-14T15:57:48.024+01:00  INFO 416486 --- [           main] c.e.s.SpringSecurityLdapApplicationTests : Started SpringSecurityLdapApplicationTests in 2.057 seconds (process running for 2.809)
]]></system-out>
  </testcase>
</testsuite>